C:\USERS\B14YU.NOE\DESKTOP\FANTASTICPROJECT\FANTASTICBOX2D\BOX2D\BUILD\BOX2D\BOX2D.DIR\RELEASE\B2POLYGONCONTACT.OBJ
C:\USERS\B14YU.NOE\DESKTOP\FANTASTICPROJECT\FANTASTICBOX2D\BOX2D\BUILD\BOX2D\BOX2D.DIR\RELEASE\B2CHAINANDPOLYGONCONTACT.OBJ
C:\USERS\B14YU.NOE\DESKTOP\FANTASTICPROJECT\FANTASTICBOX2D\BOX2D\BUILD\BOX2D\BOX2D.DIR\RELEASE\B2CHAINANDCIRCLECONTACT.OBJ
C:\USERS\B14YU.NOE\DESKTOP\FANTASTICPROJECT\FANTASTICBOX2D\BOX2D\BUILD\BOX2D\BOX2D.DIR\RELEASE\B2EDGEANDPOLYGONCONTACT.OBJ
C:\USERS\B14YU.NOE\DESKTOP\FANTASTICPROJECT\FANTASTICBOX2D\BOX2D\BUILD\BOX2D\BOX2D.DIR\RELEASE\B2EDGEANDCIRCLECONTACT.OBJ
C:\USERS\B14YU.NOE\DESKTOP\FANTASTICPROJECT\FANTASTICBOX2D\BOX2D\BUILD\BOX2D\BOX2D.DIR\RELEASE\B2POLYGONANDCIRCLECONTACT.OBJ
C:\USERS\B14YU.NOE\DESKTOP\FANTASTICPROJECT\FANTASTICBOX2D\BOX2D\BUILD\BOX2D\BOX2D.DIR\RELEASE\B2CONTACTSOLVER.OBJ
C:\USERS\B14YU.NOE\DESKTOP\FANTASTICPROJECT\FANTASTICBOX2D\BOX2D\BUILD\BOX2D\BOX2D.DIR\RELEASE\B2CONTACT.OBJ
C:\USERS\B14YU.NOE\DESKTOP\FANTASTICPROJECT\FANTASTICBOX2D\BOX2D\BUILD\BOX2D\BOX2D.DIR\RELEASE\B2CIRCLECONTACT.OBJ
C:\USERS\B14YU.NOE\DESKTOP\FANTASTICPROJECT\FANTASTICBOX2D\BOX2D\BUILD\BOX2D\BOX2D.DIR\RELEASE\B2WHEELJOINT.OBJ
C:\USERS\B14YU.NOE\DESKTOP\FANTASTICPROJECT\FANTASTICBOX2D\BOX2D\BUILD\BOX2D\BOX2D.DIR\RELEASE\B2WELDJOINT.OBJ
C:\USERS\B14YU.NOE\DESKTOP\FANTASTICPROJECT\FANTASTICBOX2D\BOX2D\BUILD\BOX2D\BOX2D.DIR\RELEASE\B2ROPEJOINT.OBJ
C:\USERS\B14YU.NOE\DESKTOP\FANTASTICPROJECT\FANTASTICBOX2D\BOX2D\BUILD\BOX2D\BOX2D.DIR\RELEASE\B2REVOLUTEJOINT.OBJ
C:\USERS\B14YU.NOE\DESKTOP\FANTASTICPROJECT\FANTASTICBOX2D\BOX2D\BUILD\BOX2D\BOX2D.DIR\RELEASE\B2PULLEYJOINT.OBJ
C:\USERS\B14YU.NOE\DESKTOP\FANTASTICPROJECT\FANTASTICBOX2D\BOX2D\BUILD\BOX2D\BOX2D.DIR\RELEASE\B2PRISMATICJOINT.OBJ
C:\USERS\B14YU.NOE\DESKTOP\FANTASTICPROJECT\FANTASTICBOX2D\BOX2D\BUILD\BOX2D\BOX2D.DIR\RELEASE\B2MOUSEJOINT.OBJ
C:\USERS\B14YU.NOE\DESKTOP\FANTASTICPROJECT\FANTASTICBOX2D\BOX2D\BUILD\BOX2D\BOX2D.DIR\RELEASE\B2JOINT.OBJ
C:\USERS\B14YU.NOE\DESKTOP\FANTASTICPROJECT\FANTASTICBOX2D\BOX2D\BUILD\BOX2D\BOX2D.DIR\RELEASE\B2GEARJOINT.OBJ
C:\USERS\B14YU.NOE\DESKTOP\FANTASTICPROJECT\FANTASTICBOX2D\BOX2D\BUILD\BOX2D\BOX2D.DIR\RELEASE\B2FRICTIONJOINT.OBJ
C:\USERS\B14YU.NOE\DESKTOP\FANTASTICPROJECT\FANTASTICBOX2D\BOX2D\BUILD\BOX2D\BOX2D.DIR\RELEASE\B2DISTANCEJOINT.OBJ
C:\USERS\B14YU.NOE\DESKTOP\FANTASTICPROJECT\FANTASTICBOX2D\BOX2D\BUILD\BOX2D\BOX2D.DIR\RELEASE\B2COLLIDEPOLYGON.OBJ
C:\USERS\B14YU.NOE\DESKTOP\FANTASTICPROJECT\FANTASTICBOX2D\BOX2D\BUILD\BOX2D\BOX2D.DIR\RELEASE\B2COLLIDEEDGE.OBJ
C:\USERS\B14YU.NOE\DESKTOP\FANTASTICPROJECT\FANTASTICBOX2D\BOX2D\BUILD\BOX2D\BOX2D.DIR\RELEASE\B2COLLIDECIRCLE.OBJ
C:\USERS\B14YU.NOE\DESKTOP\FANTASTICPROJECT\FANTASTICBOX2D\BOX2D\BUILD\BOX2D\BOX2D.DIR\RELEASE\B2BROADPHASE.OBJ
C:\USERS\B14YU.NOE\DESKTOP\FANTASTICPROJECT\FANTASTICBOX2D\BOX2D\BUILD\BOX2D\BOX2D.DIR\RELEASE\B2POLYGONSHAPE.OBJ
C:\USERS\B14YU.NOE\DESKTOP\FANTASTICPROJECT\FANTASTICBOX2D\BOX2D\BUILD\BOX2D\BOX2D.DIR\RELEASE\B2CHAINSHAPE.OBJ
C:\USERS\B14YU.NOE\DESKTOP\FANTASTICPROJECT\FANTASTICBOX2D\BOX2D\BUILD\BOX2D\BOX2D.DIR\RELEASE\B2EDGESHAPE.OBJ
C:\USERS\B14YU.NOE\DESKTOP\FANTASTICPROJECT\FANTASTICBOX2D\BOX2D\BUILD\BOX2D\BOX2D.DIR\RELEASE\B2CIRCLESHAPE.OBJ
C:\USERS\B14YU.NOE\DESKTOP\FANTASTICPROJECT\FANTASTICBOX2D\BOX2D\BUILD\BOX2D\BOX2D.DIR\RELEASE\B2TIMER.OBJ
C:\USERS\B14YU.NOE\DESKTOP\FANTASTICPROJECT\FANTASTICBOX2D\BOX2D\BUILD\BOX2D\BOX2D.DIR\RELEASE\B2STACKALLOCATOR.OBJ
C:\USERS\B14YU.NOE\DESKTOP\FANTASTICPROJECT\FANTASTICBOX2D\BOX2D\BUILD\BOX2D\BOX2D.DIR\RELEASE\B2SETTINGS.OBJ
C:\USERS\B14YU.NOE\DESKTOP\FANTASTICPROJECT\FANTASTICBOX2D\BOX2D\BUILD\BOX2D\BOX2D.DIR\RELEASE\B2MATH.OBJ
C:\USERS\B14YU.NOE\DESKTOP\FANTASTICPROJECT\FANTASTICBOX2D\BOX2D\BUILD\BOX2D\BOX2D.DIR\RELEASE\B2DRAW.OBJ
C:\USERS\B14YU.NOE\DESKTOP\FANTASTICPROJECT\FANTASTICBOX2D\BOX2D\BUILD\BOX2D\BOX2D.DIR\RELEASE\B2BLOCKALLOCATOR.OBJ
C:\USERS\B14YU.NOE\DESKTOP\FANTASTICPROJECT\FANTASTICBOX2D\BOX2D\BUILD\BOX2D\BOX2D.DIR\RELEASE\B2WORLDCALLBACKS.OBJ
C:\USERS\B14YU.NOE\DESKTOP\FANTASTICPROJECT\FANTASTICBOX2D\BOX2D\BUILD\BOX2D\BOX2D.DIR\RELEASE\B2WORLD.OBJ
C:\USERS\B14YU.NOE\DESKTOP\FANTASTICPROJECT\FANTASTICBOX2D\BOX2D\BUILD\BOX2D\BOX2D.DIR\RELEASE\B2ISLAND.OBJ
C:\USERS\B14YU.NOE\DESKTOP\FANTASTICPROJECT\FANTASTICBOX2D\BOX2D\BUILD\BOX2D\BOX2D.DIR\RELEASE\B2FIXTURE.OBJ
C:\USERS\B14YU.NOE\DESKTOP\FANTASTICPROJECT\FANTASTICBOX2D\BOX2D\BUILD\BOX2D\BOX2D.DIR\RELEASE\B2CONTACTMANAGER.OBJ
C:\USERS\B14YU.NOE\DESKTOP\FANTASTICPROJECT\FANTASTICBOX2D\BOX2D\BUILD\BOX2D\BOX2D.DIR\RELEASE\B2BODY.OBJ
C:\USERS\B14YU.NOE\DESKTOP\FANTASTICPROJECT\FANTASTICBOX2D\BOX2D\BUILD\BOX2D\BOX2D.DIR\RELEASE\B2ROPE.OBJ
C:\USERS\B14YU.NOE\DESKTOP\FANTASTICPROJECT\FANTASTICBOX2D\BOX2D\BUILD\BOX2D\BOX2D.DIR\RELEASE\B2TIMEOFIMPACT.OBJ
C:\USERS\B14YU.NOE\DESKTOP\FANTASTICPROJECT\FANTASTICBOX2D\BOX2D\BUILD\BOX2D\BOX2D.DIR\RELEASE\B2DYNAMICTREE.OBJ
C:\USERS\B14YU.NOE\DESKTOP\FANTASTICPROJECT\FANTASTICBOX2D\BOX2D\BUILD\BOX2D\BOX2D.DIR\RELEASE\B2DISTANCE.OBJ
C:\USERS\B14YU.NOE\DESKTOP\FANTASTICPROJECT\FANTASTICBOX2D\BOX2D\BUILD\BOX2D\BOX2D.DIR\RELEASE\B2COLLISION.OBJ
C:\USERS\B14YU.NOE\DESKTOP\BOX2D_V2.2.0\BOX2D_V2.2.0\BOX2D\BUILD\BOX2D\CMAKEFILES\GENERATE.STAMP
C:\USERS\B14YU.NOE\DESKTOP\BOX2D_V2.2.0\BOX2D_V2.2.0\BOX2D\BUILD\BOX2D\RELEASE\BOX2D.LIB
C:\Users\b14yu.NOE\Desktop\FantasticProject\FantasticBox2D\Box2D\Build\Box2D\Box2D.dir\Release\b2BlockAllocator.obj
C:\Users\b14yu.NOE\Desktop\FantasticProject\FantasticBox2D\Box2D\Build\Box2D\Box2D.dir\Release\b2Body.obj
C:\Users\b14yu.NOE\Desktop\FantasticProject\FantasticBox2D\Box2D\Build\Box2D\Box2D.dir\Release\b2BroadPhase.obj
C:\Users\b14yu.NOE\Desktop\FantasticProject\FantasticBox2D\Box2D\Build\Box2D\Box2D.dir\Release\b2ChainAndCircleContact.obj
C:\Users\b14yu.NOE\Desktop\FantasticProject\FantasticBox2D\Box2D\Build\Box2D\Box2D.dir\Release\b2ChainAndPolygonContact.obj
C:\Users\b14yu.NOE\Desktop\FantasticProject\FantasticBox2D\Box2D\Build\Box2D\Box2D.dir\Release\b2ChainShape.obj
C:\Users\b14yu.NOE\Desktop\FantasticProject\FantasticBox2D\Box2D\Build\Box2D\Box2D.dir\Release\b2CircleContact.obj
C:\Users\b14yu.NOE\Desktop\FantasticProject\FantasticBox2D\Box2D\Build\Box2D\Box2D.dir\Release\b2CircleShape.obj
C:\Users\b14yu.NOE\Desktop\FantasticProject\FantasticBox2D\Box2D\Build\Box2D\Box2D.dir\Release\b2CollideCircle.obj
C:\Users\b14yu.NOE\Desktop\FantasticProject\FantasticBox2D\Box2D\Build\Box2D\Box2D.dir\Release\b2CollideEdge.obj
C:\Users\b14yu.NOE\Desktop\FantasticProject\FantasticBox2D\Box2D\Build\Box2D\Box2D.dir\Release\b2CollidePolygon.obj
C:\Users\b14yu.NOE\Desktop\FantasticProject\FantasticBox2D\Box2D\Build\Box2D\Box2D.dir\Release\b2Collision.obj
C:\Users\b14yu.NOE\Desktop\FantasticProject\FantasticBox2D\Box2D\Build\Box2D\Box2D.dir\Release\b2Contact.obj
C:\Users\b14yu.NOE\Desktop\FantasticProject\FantasticBox2D\Box2D\Build\Box2D\Box2D.dir\Release\b2ContactManager.obj
C:\Users\b14yu.NOE\Desktop\FantasticProject\FantasticBox2D\Box2D\Build\Box2D\Box2D.dir\Release\b2ContactSolver.obj
C:\Users\b14yu.NOE\Desktop\FantasticProject\FantasticBox2D\Box2D\Build\Box2D\Box2D.dir\Release\b2Distance.obj
C:\Users\b14yu.NOE\Desktop\FantasticProject\FantasticBox2D\Box2D\Build\Box2D\Box2D.dir\Release\b2DistanceJoint.obj
C:\Users\b14yu.NOE\Desktop\FantasticProject\FantasticBox2D\Box2D\Build\Box2D\Box2D.dir\Release\b2Draw.obj
C:\Users\b14yu.NOE\Desktop\FantasticProject\FantasticBox2D\Box2D\Build\Box2D\Box2D.dir\Release\b2DynamicTree.obj
C:\Users\b14yu.NOE\Desktop\FantasticProject\FantasticBox2D\Box2D\Build\Box2D\Box2D.dir\Release\b2EdgeAndCircleContact.obj
C:\Users\b14yu.NOE\Desktop\FantasticProject\FantasticBox2D\Box2D\Build\Box2D\Box2D.dir\Release\b2EdgeAndPolygonContact.obj
C:\Users\b14yu.NOE\Desktop\FantasticProject\FantasticBox2D\Box2D\Build\Box2D\Box2D.dir\Release\b2EdgeShape.obj
C:\Users\b14yu.NOE\Desktop\FantasticProject\FantasticBox2D\Box2D\Build\Box2D\Box2D.dir\Release\b2Fixture.obj
C:\Users\b14yu.NOE\Desktop\FantasticProject\FantasticBox2D\Box2D\Build\Box2D\Box2D.dir\Release\b2FrictionJoint.obj
C:\Users\b14yu.NOE\Desktop\FantasticProject\FantasticBox2D\Box2D\Build\Box2D\Box2D.dir\Release\b2GearJoint.obj
C:\Users\b14yu.NOE\Desktop\FantasticProject\FantasticBox2D\Box2D\Build\Box2D\Box2D.dir\Release\b2Island.obj
C:\Users\b14yu.NOE\Desktop\FantasticProject\FantasticBox2D\Box2D\Build\Box2D\Box2D.dir\Release\b2Joint.obj
C:\Users\b14yu.NOE\Desktop\FantasticProject\FantasticBox2D\Box2D\Build\Box2D\Box2D.dir\Release\b2Math.obj
C:\Users\b14yu.NOE\Desktop\FantasticProject\FantasticBox2D\Box2D\Build\Box2D\Box2D.dir\Release\b2MouseJoint.obj
C:\Users\b14yu.NOE\Desktop\FantasticProject\FantasticBox2D\Box2D\Build\Box2D\Box2D.dir\Release\b2PolygonAndCircleContact.obj
C:\Users\b14yu.NOE\Desktop\FantasticProject\FantasticBox2D\Box2D\Build\Box2D\Box2D.dir\Release\b2PolygonContact.obj
C:\Users\b14yu.NOE\Desktop\FantasticProject\FantasticBox2D\Box2D\Build\Box2D\Box2D.dir\Release\b2PolygonShape.obj
C:\Users\b14yu.NOE\Desktop\FantasticProject\FantasticBox2D\Box2D\Build\Box2D\Box2D.dir\Release\b2PrismaticJoint.obj
C:\Users\b14yu.NOE\Desktop\FantasticProject\FantasticBox2D\Box2D\Build\Box2D\Box2D.dir\Release\b2PulleyJoint.obj
C:\Users\b14yu.NOE\Desktop\FantasticProject\FantasticBox2D\Box2D\Build\Box2D\Box2D.dir\Release\b2RevoluteJoint.obj
C:\Users\b14yu.NOE\Desktop\FantasticProject\FantasticBox2D\Box2D\Build\Box2D\Box2D.dir\Release\b2Rope.obj
C:\Users\b14yu.NOE\Desktop\FantasticProject\FantasticBox2D\Box2D\Build\Box2D\Box2D.dir\Release\b2RopeJoint.obj
C:\Users\b14yu.NOE\Desktop\FantasticProject\FantasticBox2D\Box2D\Build\Box2D\Box2D.dir\Release\b2Settings.obj
C:\Users\b14yu.NOE\Desktop\FantasticProject\FantasticBox2D\Box2D\Build\Box2D\Box2D.dir\Release\b2StackAllocator.obj
C:\Users\b14yu.NOE\Desktop\FantasticProject\FantasticBox2D\Box2D\Build\Box2D\Box2D.dir\Release\b2TimeOfImpact.obj
C:\Users\b14yu.NOE\Desktop\FantasticProject\FantasticBox2D\Box2D\Build\Box2D\Box2D.dir\Release\b2Timer.obj
C:\Users\b14yu.NOE\Desktop\FantasticProject\FantasticBox2D\Box2D\Build\Box2D\Box2D.dir\Release\b2WeldJoint.obj
C:\Users\b14yu.NOE\Desktop\FantasticProject\FantasticBox2D\Box2D\Build\Box2D\Box2D.dir\Release\b2WheelJoint.obj
C:\Users\b14yu.NOE\Desktop\FantasticProject\FantasticBox2D\Box2D\Build\Box2D\Box2D.dir\Release\b2World.obj
C:\Users\b14yu.NOE\Desktop\FantasticProject\FantasticBox2D\Box2D\Build\Box2D\Box2D.dir\Release\b2WorldCallbacks.obj
C:\Users\b14yu.NOE\Desktop\FantasticProject\FantasticBox2D\Box2D\Build\Box2D\Box2D.dir\Release\cl.command.1.tlog
C:\Users\b14yu.NOE\Desktop\FantasticProject\FantasticBox2D\Box2D\Build\Box2D\Box2D.dir\Release\CL.read.1.tlog
C:\Users\b14yu.NOE\Desktop\FantasticProject\FantasticBox2D\Box2D\Build\Box2D\Box2D.dir\Release\CL.write.1.tlog
C:\Users\b14yu.NOE\Desktop\FantasticProject\FantasticBox2D\Box2D\Build\Box2D\Box2D.dir\Release\custombuild.command.1.tlog
C:\Users\b14yu.NOE\Desktop\FantasticProject\FantasticBox2D\Box2D\Build\Box2D\Box2D.dir\Release\custombuild.read.1.tlog
C:\Users\b14yu.NOE\Desktop\FantasticProject\FantasticBox2D\Box2D\Build\Box2D\Box2D.dir\Release\custombuild.write.1.tlog
C:\Users\b14yu.NOE\Desktop\FantasticProject\FantasticBox2D\Box2D\Build\Box2D\Box2D.dir\Release\Lib-link.read.1.tlog
C:\Users\b14yu.NOE\Desktop\FantasticProject\FantasticBox2D\Box2D\Build\Box2D\Box2D.dir\Release\Lib-link.write.1.tlog
C:\Users\b14yu.NOE\Desktop\FantasticProject\FantasticBox2D\Box2D\Build\Box2D\Box2D.dir\Release\lib.command.1.tlog
C:\Users\b14yu.NOE\Desktop\Box2D_v2.2.0\Box2D_v2.2.0\Box2D\Build\Box2D\Release\Box2D.lib
