Build started 11/21/2012 2:34:21 PM.
     1>Project "C:\Users\b14yu.NOE\Desktop\FantasticProject\FantasticBox2D\Box2D\Build\Box2D\Box2D.vcxproj" on node 2 (Rebuild target(s)).
     1>C:\Program Files (x86)\MSBuild\Microsoft.Cpp\v4.0\V110\Microsoft.CppBuild.targets(346,5): warning MSB8004: Output Directory does not end with a trailing slash.  This build instance will add the slash as it is required to allow proper evaluation of the Output Directory.
     1>CustomBuild:
         Building Custom Rule C:/Users/b14yu.NOE/Desktop/Box2D_v2.2.0/Box2D_v2.2.0/Box2D/Box2D/CMakeLists.txt
         CMake does not need to re-run because C:\Users\b14yu.NOE\Desktop\Box2D_v2.2.0\Box2D_v2.2.0\Box2D\Build\Box2D\CMakeFiles\generate.stamp is up-to-date.
       ClCompile:
         C:\Program Files (x86)\Microsoft Visual Studio 11.0\VC\bin\CL.exe /c /IC:/Users/b14yu.NOE/Desktop/Box2D_v2.2.0/Box2D_v2.2.0/Box2D/Box2D/.. /nologo /W1 /WX- /O2 /Oy- /D "CMAKE_INTDIR=\"Debug\"" /D _MBCS /Gm- /MD /GS /fp:precise /Zc:wchar_t /Zc:forScope /Fo"Box2D.dir\Debug\\" /Fd"C:/Users/b14yu.NOE/Desktop/Box2D_v2.2.0/Box2D_v2.2.0/Box2D/Build/Box2D/Debug/Box2D.pdb" /Gd /TP /analyze- /errorReport:prompt ..\..\Box2D\Dynamics\Joints\b2DistanceJoint.cpp ..\..\Box2D\Dynamics\Joints\b2FrictionJoint.cpp ..\..\Box2D\Dynamics\Joints\b2GearJoint.cpp ..\..\Box2D\Dynamics\Joints\b2Joint.cpp ..\..\Box2D\Dynamics\Joints\b2MouseJoint.cpp ..\..\Box2D\Dynamics\Joints\b2PrismaticJoint.cpp ..\..\Box2D\Dynamics\Joints\b2PulleyJoint.cpp ..\..\Box2D\Dynamics\Joints\b2RevoluteJoint.cpp ..\..\Box2D\Dynamics\Joints\b2RopeJoint.cpp ..\..\Box2D\Dynamics\Joints\b2WeldJoint.cpp ..\..\Box2D\Dynamics\Joints\b2WheelJoint.cpp ..\..\Box2D\Dynamics\Contacts\b2CircleContact.cpp ..\..\Box2D\Dynamics\Contacts\b2Contact.cpp ..\..\Box2D\Dynamics\Contacts\b2ContactSolver.cpp ..\..\Box2D\Dynamics\Contacts\b2PolygonAndCircleContact.cpp ..\..\Box2D\Dynamics\Contacts\b2EdgeAndCircleContact.cpp ..\..\Box2D\Dynamics\Contacts\b2EdgeAndPolygonContact.cpp ..\..\Box2D\Dynamics\Contacts\b2ChainAndCircleContact.cpp ..\..\Box2D\Dynamics\Contacts\b2ChainAndPolygonContact.cpp ..\..\Box2D\Dynamics\Contacts\b2PolygonContact.cpp ..\..\Box2D\Dynamics\b2Body.cpp ..\..\Box2D\Dynamics\b2ContactManager.cpp ..\..\Box2D\Dynamics\b2Fixture.cpp ..\..\Box2D\Dynamics\b2Island.cpp ..\..\Box2D\Dynamics\b2World.cpp ..\..\Box2D\Dynamics\b2WorldCallbacks.cpp ..\..\Box2D\Common\b2BlockAllocator.cpp ..\..\Box2D\Common\b2Draw.cpp ..\..\Box2D\Common\b2Math.cpp ..\..\Box2D\Common\b2Settings.cpp ..\..\Box2D\Common\b2StackAllocator.cpp ..\..\Box2D\Common\b2Timer.cpp ..\..\Box2D\Collision\Shapes\b2CircleShape.cpp ..\..\Box2D\Collision\Shapes\b2EdgeShape.cpp ..\..\Box2D\Collision\Shapes\b2ChainShape.cpp ..\..\Box2D\Collision\Shapes\b2PolygonShape.cpp ..\..\Box2D\Collision\b2BroadPhase.cpp ..\..\Box2D\Collision\b2CollideCircle.cpp ..\..\Box2D\Collision\b2CollideEdge.cpp ..\..\Box2D\Collision\b2CollidePolygon.cpp ..\..\Box2D\Collision\b2Collision.cpp ..\..\Box2D\Collision\b2Distance.cpp ..\..\Box2D\Collision\b2DynamicTree.cpp ..\..\Box2D\Collision\b2TimeOfImpact.cpp ..\..\Box2D\Rope\b2Rope.cpp
         b2DistanceJoint.cpp
         b2FrictionJoint.cpp
         b2GearJoint.cpp
         b2Joint.cpp
         b2MouseJoint.cpp
         b2PrismaticJoint.cpp
         b2PulleyJoint.cpp
         b2RevoluteJoint.cpp
         b2RopeJoint.cpp
         b2WeldJoint.cpp
         b2WheelJoint.cpp
         b2CircleContact.cpp
         b2Contact.cpp
         b2ContactSolver.cpp
         b2PolygonAndCircleContact.cpp
         b2EdgeAndCircleContact.cpp
         b2EdgeAndPolygonContact.cpp
         b2ChainAndCircleContact.cpp
         b2ChainAndPolygonContact.cpp
         b2PolygonContact.cpp
         Generating Code...
         Compiling...
         b2Body.cpp
         b2ContactManager.cpp
         b2Fixture.cpp
         b2Island.cpp
         b2World.cpp
         b2WorldCallbacks.cpp
         b2BlockAllocator.cpp
         b2Draw.cpp
         b2Math.cpp
         b2Settings.cpp
         b2StackAllocator.cpp
         b2Timer.cpp
         b2CircleShape.cpp
         b2EdgeShape.cpp
         b2ChainShape.cpp
         b2PolygonShape.cpp
         b2BroadPhase.cpp
         b2CollideCircle.cpp
         b2CollideEdge.cpp
         b2CollidePolygon.cpp
         Generating Code...
         Compiling...
         b2Collision.cpp
         b2Distance.cpp
         b2DynamicTree.cpp
         b2TimeOfImpact.cpp
         b2Rope.cpp
         Generating Code...
       Lib:
         C:\Program Files (x86)\Microsoft Visual Studio 11.0\VC\bin\Lib.exe /OUT:"C:\Users\b14yu.NOE\Desktop\FantasticProject\FantasticBox2D\Box2D\Build\Box2D\Debug\Box2D.lib" /NOLOGO Box2D.dir\Debug\b2DistanceJoint.obj
         Box2D.dir\Debug\b2FrictionJoint.obj
         Box2D.dir\Debug\b2GearJoint.obj
         Box2D.dir\Debug\b2Joint.obj
         Box2D.dir\Debug\b2MouseJoint.obj
         Box2D.dir\Debug\b2PrismaticJoint.obj
         Box2D.dir\Debug\b2PulleyJoint.obj
         Box2D.dir\Debug\b2RevoluteJoint.obj
         Box2D.dir\Debug\b2RopeJoint.obj
         Box2D.dir\Debug\b2WeldJoint.obj
         Box2D.dir\Debug\b2WheelJoint.obj
         Box2D.dir\Debug\b2CircleContact.obj
         Box2D.dir\Debug\b2Contact.obj
         Box2D.dir\Debug\b2ContactSolver.obj
         Box2D.dir\Debug\b2PolygonAndCircleContact.obj
         Box2D.dir\Debug\b2EdgeAndCircleContact.obj
         Box2D.dir\Debug\b2EdgeAndPolygonContact.obj
         Box2D.dir\Debug\b2ChainAndCircleContact.obj
         Box2D.dir\Debug\b2ChainAndPolygonContact.obj
         Box2D.dir\Debug\b2PolygonContact.obj
         Box2D.dir\Debug\b2Body.obj
         Box2D.dir\Debug\b2ContactManager.obj
         Box2D.dir\Debug\b2Fixture.obj
         Box2D.dir\Debug\b2Island.obj
         Box2D.dir\Debug\b2World.obj
         Box2D.dir\Debug\b2WorldCallbacks.obj
         Box2D.dir\Debug\b2BlockAllocator.obj
         Box2D.dir\Debug\b2Draw.obj
         Box2D.dir\Debug\b2Math.obj
         Box2D.dir\Debug\b2Settings.obj
         Box2D.dir\Debug\b2StackAllocator.obj
         Box2D.dir\Debug\b2Timer.obj
         Box2D.dir\Debug\b2CircleShape.obj
         Box2D.dir\Debug\b2EdgeShape.obj
         Box2D.dir\Debug\b2ChainShape.obj
         Box2D.dir\Debug\b2PolygonShape.obj
         Box2D.dir\Debug\b2BroadPhase.obj
         Box2D.dir\Debug\b2CollideCircle.obj
         Box2D.dir\Debug\b2CollideEdge.obj
         Box2D.dir\Debug\b2CollidePolygon.obj
         Box2D.dir\Debug\b2Collision.obj
         Box2D.dir\Debug\b2Distance.obj
         Box2D.dir\Debug\b2DynamicTree.obj
         Box2D.dir\Debug\b2TimeOfImpact.obj
         Box2D.dir\Debug\b2Rope.obj
         Box2D.vcxproj -> C:\Users\b14yu.NOE\Desktop\FantasticProject\FantasticBox2D\Box2D\Build\Box2D\Debug\Box2D.lib
     1>Done Building Project "C:\Users\b14yu.NOE\Desktop\FantasticProject\FantasticBox2D\Box2D\Build\Box2D\Box2D.vcxproj" (Rebuild target(s)).

Build succeeded.

Time Elapsed 00:00:09.99
