C:\USERS\B14YU.NOE\DESKTOP\FANTASTICPROJECT\FANTASTICBOX2DD3DDEMO\FANTASTICBOX2DD3DDEMOCOMPONENT\DIRECTXTK\BIN\WINDOWSPHONE8\WIN32\DEBUG\DIRECTXTK.PCH
C:\USERS\B14YU.NOE\DESKTOP\FANTASTICPROJECT\FANTASTICBOX2DD3DDEMO\FANTASTICBOX2DD3DDEMOCOMPONENT\DIRECTXTK\BIN\WINDOWSPHONE8\WIN32\DEBUG\PCH.OBJ
C:\USERS\B14YU.NOE\DESKTOP\FANTASTICPROJECT\FANTASTICBOX2DD3DDEMO\FANTASTICBOX2DD3DDEMOCOMPONENT\DIRECTXTK\BIN\WINDOWSPHONE8\WIN32\DEBUG\VC110.PDB
C:\USERS\B14YU.NOE\DESKTOP\FANTASTICPROJECT\FANTASTICBOX2DD3DDEMO\FANTASTICBOX2DD3DDEMOCOMPONENT\DIRECTXTK\BIN\WINDOWSPHONE8\WIN32\DEBUG\ALPHATESTEFFECT.OBJ
C:\USERS\B14YU.NOE\DESKTOP\FANTASTICPROJECT\FANTASTICBOX2DD3DDEMO\FANTASTICBOX2DD3DDEMOCOMPONENT\DIRECTXTK\BIN\WINDOWSPHONE8\WIN32\DEBUG\BASICEFFECT.OBJ
C:\USERS\B14YU.NOE\DESKTOP\FANTASTICPROJECT\FANTASTICBOX2DD3DDEMO\FANTASTICBOX2DD3DDEMOCOMPONENT\DIRECTXTK\BIN\WINDOWSPHONE8\WIN32\DEBUG\COMMONSTATES.OBJ
C:\USERS\B14YU.NOE\DESKTOP\FANTASTICPROJECT\FANTASTICBOX2DD3DDEMO\FANTASTICBOX2DD3DDEMOCOMPONENT\DIRECTXTK\BIN\WINDOWSPHONE8\WIN32\DEBUG\DDSTEXTURELOADER.OBJ
C:\USERS\B14YU.NOE\DESKTOP\FANTASTICPROJECT\FANTASTICBOX2DD3DDEMO\FANTASTICBOX2DD3DDEMOCOMPONENT\DIRECTXTK\BIN\WINDOWSPHONE8\WIN32\DEBUG\DUALTEXTUREEFFECT.OBJ
C:\USERS\B14YU.NOE\DESKTOP\FANTASTICPROJECT\FANTASTICBOX2DD3DDEMO\FANTASTICBOX2DD3DDEMOCOMPONENT\DIRECTXTK\BIN\WINDOWSPHONE8\WIN32\DEBUG\EFFECTCOMMON.OBJ
C:\USERS\B14YU.NOE\DESKTOP\FANTASTICPROJECT\FANTASTICBOX2DD3DDEMO\FANTASTICBOX2DD3DDEMOCOMPONENT\DIRECTXTK\BIN\WINDOWSPHONE8\WIN32\DEBUG\BINARYREADER.OBJ
C:\USERS\B14YU.NOE\DESKTOP\FANTASTICPROJECT\FANTASTICBOX2DD3DDEMO\FANTASTICBOX2DD3DDEMOCOMPONENT\DIRECTXTK\BIN\WINDOWSPHONE8\WIN32\DEBUG\ENVIRONMENTMAPEFFECT.OBJ
C:\USERS\B14YU.NOE\DESKTOP\FANTASTICPROJECT\FANTASTICBOX2DD3DDEMO\FANTASTICBOX2DD3DDEMOCOMPONENT\DIRECTXTK\BIN\WINDOWSPHONE8\WIN32\DEBUG\GEOMETRICPRIMITIVE.OBJ
C:\USERS\B14YU.NOE\DESKTOP\FANTASTICPROJECT\FANTASTICBOX2DD3DDEMO\FANTASTICBOX2DD3DDEMOCOMPONENT\DIRECTXTK\BIN\WINDOWSPHONE8\WIN32\DEBUG\SCREENGRAB.OBJ
C:\USERS\B14YU.NOE\DESKTOP\FANTASTICPROJECT\FANTASTICBOX2DD3DDEMO\FANTASTICBOX2DD3DDEMOCOMPONENT\DIRECTXTK\BIN\WINDOWSPHONE8\WIN32\DEBUG\SKINNEDEFFECT.OBJ
C:\USERS\B14YU.NOE\DESKTOP\FANTASTICPROJECT\FANTASTICBOX2DD3DDEMO\FANTASTICBOX2DD3DDEMOCOMPONENT\DIRECTXTK\BIN\WINDOWSPHONE8\WIN32\DEBUG\SPRITEBATCH.OBJ
C:\USERS\B14YU.NOE\DESKTOP\FANTASTICPROJECT\FANTASTICBOX2DD3DDEMO\FANTASTICBOX2DD3DDEMOCOMPONENT\DIRECTXTK\BIN\WINDOWSPHONE8\WIN32\DEBUG\PRIMITIVEBATCH.OBJ
C:\USERS\B14YU.NOE\DESKTOP\FANTASTICPROJECT\FANTASTICBOX2DD3DDEMO\FANTASTICBOX2DD3DDEMOCOMPONENT\DIRECTXTK\BIN\WINDOWSPHONE8\WIN32\DEBUG\SPRITEFONT.OBJ
C:\USERS\B14YU.NOE\DESKTOP\FANTASTICPROJECT\FANTASTICBOX2DD3DDEMO\FANTASTICBOX2DD3DDEMOCOMPONENT\DIRECTXTK\BIN\WINDOWSPHONE8\WIN32\DEBUG\VERTEXTYPES.OBJ
C:\USERS\B14YU.NOE\DESKTOP\FANTASTICPROJECT\FANTASTICBOX2DD3DDEMO\FANTASTICBOX2DD3DDEMOCOMPONENT\DIRECTXTK\BIN\WINDOWSPHONE8\WIN32\DEBUG\DIRECTXTK.LIB
C:\Users\b14yu\Desktop\BinYuPersonalStuff\20130207_backup\20130207_backup\FantasticProject\FantasticBox2DD3DDemo\FantasticBox2DD3DDemoComponent\DirectXTK\Bin\WindowsPhone8\Win32\Debug\AlphaTestEffect.obj
C:\Users\b14yu\Desktop\BinYuPersonalStuff\20130207_backup\20130207_backup\FantasticProject\FantasticBox2DD3DDemo\FantasticBox2DD3DDemoComponent\DirectXTK\Bin\WindowsPhone8\Win32\Debug\BasicEffect.obj
C:\Users\b14yu\Desktop\BinYuPersonalStuff\20130207_backup\20130207_backup\FantasticProject\FantasticBox2DD3DDemo\FantasticBox2DD3DDemoComponent\DirectXTK\Bin\WindowsPhone8\Win32\Debug\BinaryReader.obj
C:\Users\b14yu\Desktop\BinYuPersonalStuff\20130207_backup\20130207_backup\FantasticProject\FantasticBox2DD3DDemo\FantasticBox2DD3DDemoComponent\DirectXTK\Bin\WindowsPhone8\Win32\Debug\CommonStates.obj
C:\Users\b14yu\Desktop\BinYuPersonalStuff\20130207_backup\20130207_backup\FantasticProject\FantasticBox2DD3DDemo\FantasticBox2DD3DDemoComponent\DirectXTK\Bin\WindowsPhone8\Win32\Debug\DDSTextureLoader.obj
C:\Users\b14yu\Desktop\BinYuPersonalStuff\20130207_backup\20130207_backup\FantasticProject\FantasticBox2DD3DDemo\FantasticBox2DD3DDemoComponent\DirectXTK\Bin\WindowsPhone8\Win32\Debug\DualTextureEffect.obj
C:\Users\b14yu\Desktop\BinYuPersonalStuff\20130207_backup\20130207_backup\FantasticProject\FantasticBox2DD3DDemo\FantasticBox2DD3DDemoComponent\DirectXTK\Bin\WindowsPhone8\Win32\Debug\EffectCommon.obj
C:\Users\b14yu\Desktop\BinYuPersonalStuff\20130207_backup\20130207_backup\FantasticProject\FantasticBox2DD3DDemo\FantasticBox2DD3DDemoComponent\DirectXTK\Bin\WindowsPhone8\Win32\Debug\EnvironmentMapEffect.obj
C:\Users\b14yu\Desktop\BinYuPersonalStuff\20130207_backup\20130207_backup\FantasticProject\FantasticBox2DD3DDemo\FantasticBox2DD3DDemoComponent\DirectXTK\Bin\WindowsPhone8\Win32\Debug\GeometricPrimitive.obj
C:\Users\b14yu\Desktop\BinYuPersonalStuff\20130207_backup\20130207_backup\FantasticProject\FantasticBox2DD3DDemo\FantasticBox2DD3DDemoComponent\DirectXTK\Bin\WindowsPhone8\Win32\Debug\pch.obj
C:\Users\b14yu\Desktop\BinYuPersonalStuff\20130207_backup\20130207_backup\FantasticProject\FantasticBox2DD3DDemo\FantasticBox2DD3DDemoComponent\DirectXTK\Bin\WindowsPhone8\Win32\Debug\PrimitiveBatch.obj
C:\Users\b14yu\Desktop\BinYuPersonalStuff\20130207_backup\20130207_backup\FantasticProject\FantasticBox2DD3DDemo\FantasticBox2DD3DDemoComponent\DirectXTK\Bin\WindowsPhone8\Win32\Debug\ScreenGrab.obj
C:\Users\b14yu\Desktop\BinYuPersonalStuff\20130207_backup\20130207_backup\FantasticProject\FantasticBox2DD3DDemo\FantasticBox2DD3DDemoComponent\DirectXTK\Bin\WindowsPhone8\Win32\Debug\SkinnedEffect.obj
C:\Users\b14yu\Desktop\BinYuPersonalStuff\20130207_backup\20130207_backup\FantasticProject\FantasticBox2DD3DDemo\FantasticBox2DD3DDemoComponent\DirectXTK\Bin\WindowsPhone8\Win32\Debug\SpriteBatch.obj
C:\Users\b14yu\Desktop\BinYuPersonalStuff\20130207_backup\20130207_backup\FantasticProject\FantasticBox2DD3DDemo\FantasticBox2DD3DDemoComponent\DirectXTK\Bin\WindowsPhone8\Win32\Debug\SpriteFont.obj
C:\Users\b14yu\Desktop\BinYuPersonalStuff\20130207_backup\20130207_backup\FantasticProject\FantasticBox2DD3DDemo\FantasticBox2DD3DDemoComponent\DirectXTK\Bin\WindowsPhone8\Win32\Debug\VertexTypes.obj
C:\Users\b14yu\Desktop\BinYuPersonalStuff\20130207_backup\20130207_backup\FantasticProject\FantasticBox2DD3DDemo\FantasticBox2DD3DDemoComponent\DirectXTK\Bin\WindowsPhone8\Win32\Debug\cl.command.1.tlog
C:\Users\b14yu\Desktop\BinYuPersonalStuff\20130207_backup\20130207_backup\FantasticProject\FantasticBox2DD3DDemo\FantasticBox2DD3DDemoComponent\DirectXTK\Bin\WindowsPhone8\Win32\Debug\CL.read.1.tlog
C:\Users\b14yu\Desktop\BinYuPersonalStuff\20130207_backup\20130207_backup\FantasticProject\FantasticBox2DD3DDemo\FantasticBox2DD3DDemoComponent\DirectXTK\Bin\WindowsPhone8\Win32\Debug\CL.write.1.tlog
C:\Users\b14yu\Desktop\BinYuPersonalStuff\20130207_backup\20130207_backup\FantasticProject\FantasticBox2DD3DDemo\FantasticBox2DD3DDemoComponent\DirectXTK\Bin\WindowsPhone8\Win32\Debug\Lib-link.read.1.tlog
C:\Users\b14yu\Desktop\BinYuPersonalStuff\20130207_backup\20130207_backup\FantasticProject\FantasticBox2DD3DDemo\FantasticBox2DD3DDemoComponent\DirectXTK\Bin\WindowsPhone8\Win32\Debug\Lib-link.write.1.tlog
C:\Users\b14yu\Desktop\BinYuPersonalStuff\20130207_backup\20130207_backup\FantasticProject\FantasticBox2DD3DDemo\FantasticBox2DD3DDemoComponent\DirectXTK\Bin\WindowsPhone8\Win32\Debug\lib.command.1.tlog
C:\Users\b14yu\Desktop\BinYuPersonalStuff\20130207_backup\20130207_backup\FantasticProject\FantasticBox2DD3DDemo\FantasticBox2DD3DDemoComponent\DirectXTK\Bin\WindowsPhone8\Win32\Debug\DirectXTK.pch
C:\Users\b14yu\Desktop\BinYuPersonalStuff\20130207_backup\20130207_backup\FantasticProject\FantasticBox2DD3DDemo\FantasticBox2DD3DDemoComponent\DirectXTK\Bin\WindowsPhone8\Win32\Debug\vc110.idb
C:\Users\b14yu\Desktop\BinYuPersonalStuff\20130207_backup\20130207_backup\FantasticProject\FantasticBox2DD3DDemo\FantasticBox2DD3DDemoComponent\DirectXTK\Bin\WindowsPhone8\Win32\Debug\vc110.pdb
C:\Users\b14yu\Desktop\BinYuPersonalStuff\20130207_backup\20130207_backup\FantasticProject\FantasticBox2DD3DDemo\FantasticBox2DD3DDemoComponent\DirectXTK\Bin\WindowsPhone8\Win32\Debug\DirectXTK.lib
