Compiling the C compiler identification source file "CMakeCCompilerId.c" failed.
Compiler:  
Build flags: 
Id flags: 

The output was:
1

Microsoft (R) Microsoft Visual Studio 2012 Version 11.0.50727.1.
Copyright (C) Microsoft Corp. All rights reserved.
1>------ Build started: Project: CompilerIdC, Configuration: Debug Win32 ------
1>C:\Program Files (x86)\MSBuild\Microsoft.Cpp\v4.0\V110\Microsoft.CppBuild.targets(344,5): warning MSB8003: Could not find WindowsSDKDir variable from the registry.  TargetFrameworkVersion or PlatformToolset may be set to an invalid version number.
1>  CMakeCCompilerId.c
1>LINK : fatal error LNK1181: cannot open input file 'kernel32.lib'
========== Build: 0 succeeded, 1 failed, 0 up-to-date, 0 skipped ==========


Compiling the CXX compiler identification source file "CMakeCXXCompilerId.cpp" failed.
Compiler:  
Build flags: 
Id flags: 

The output was:
1

Microsoft (R) Microsoft Visual Studio 2012 Version 11.0.50727.1.
Copyright (C) Microsoft Corp. All rights reserved.
1>------ Build started: Project: CompilerIdCXX, Configuration: Debug Win32 ------
1>C:\Program Files (x86)\MSBuild\Microsoft.Cpp\v4.0\V110\Microsoft.CppBuild.targets(344,5): warning MSB8003: Could not find WindowsSDKDir variable from the registry.  TargetFrameworkVersion or PlatformToolset may be set to an invalid version number.
1>  CMakeCXXCompilerId.cpp
1>LINK : fatal error LNK1181: cannot open input file 'kernel32.lib'
========== Build: 0 succeeded, 1 failed, 0 up-to-date, 0 skipped ==========


Compiling the C compiler identification source file "CMakeCCompilerId.c" failed.
Compiler:  
Build flags: 
Id flags: 

The output was:
1

Microsoft (R) Microsoft Visual Studio 2012 Version 11.0.50727.1.
Copyright (C) Microsoft Corp. All rights reserved.
1>------ Build started: Project: CompilerIdC, Configuration: Debug Win32 ------
1>C:\Program Files (x86)\MSBuild\Microsoft.Cpp\v4.0\V110\Microsoft.CppBuild.targets(344,5): warning MSB8003: Could not find WindowsSDKDir variable from the registry.  TargetFrameworkVersion or PlatformToolset may be set to an invalid version number.
1>  CMakeCCompilerId.c
1>LINK : fatal error LNK1181: cannot open input file 'kernel32.lib'
========== Build: 0 succeeded, 1 failed, 0 up-to-date, 0 skipped ==========


Compiling the CXX compiler identification source file "CMakeCXXCompilerId.cpp" failed.
Compiler:  
Build flags: 
Id flags: 

The output was:
1

Microsoft (R) Microsoft Visual Studio 2012 Version 11.0.50727.1.
Copyright (C) Microsoft Corp. All rights reserved.
1>------ Build started: Project: CompilerIdCXX, Configuration: Debug Win32 ------
1>C:\Program Files (x86)\MSBuild\Microsoft.Cpp\v4.0\V110\Microsoft.CppBuild.targets(344,5): warning MSB8003: Could not find WindowsSDKDir variable from the registry.  TargetFrameworkVersion or PlatformToolset may be set to an invalid version number.
1>  CMakeCXXCompilerId.cpp
1>LINK : fatal error LNK1181: cannot open input file 'kernel32.lib'
========== Build: 0 succeeded, 1 failed, 0 up-to-date, 0 skipped ==========


