C:\USERS\B14YU.NOE\DESKTOP\BOX2D_V2.2.0\BOX2D_V2.2.0\BOX2D\BUILD\BOX2D\BOX2D.DIR\DEBUG\B2POLYGONCONTACT.OBJ
C:\USERS\B14YU.NOE\DESKTOP\BOX2D_V2.2.0\BOX2D_V2.2.0\BOX2D\BUILD\BOX2D\BOX2D.DIR\DEBUG\B2CHAINANDPOLYGONCONTACT.OBJ
C:\USERS\B14YU.NOE\DESKTOP\BOX2D_V2.2.0\BOX2D_V2.2.0\BOX2D\BUILD\BOX2D\BOX2D.DIR\DEBUG\B2CHAINANDCIRCLECONTACT.OBJ
C:\USERS\B14YU.NOE\DESKTOP\BOX2D_V2.2.0\BOX2D_V2.2.0\BOX2D\BUILD\BOX2D\BOX2D.DIR\DEBUG\B2EDGEANDPOLYGONCONTACT.OBJ
C:\USERS\B14YU.NOE\DESKTOP\BOX2D_V2.2.0\BOX2D_V2.2.0\BOX2D\BUILD\BOX2D\BOX2D.DIR\DEBUG\B2EDGEANDCIRCLECONTACT.OBJ
C:\USERS\B14YU.NOE\DESKTOP\BOX2D_V2.2.0\BOX2D_V2.2.0\BOX2D\BUILD\BOX2D\BOX2D.DIR\DEBUG\B2POLYGONANDCIRCLECONTACT.OBJ
C:\USERS\B14YU.NOE\DESKTOP\BOX2D_V2.2.0\BOX2D_V2.2.0\BOX2D\BUILD\BOX2D\BOX2D.DIR\DEBUG\B2CONTACTSOLVER.OBJ
C:\USERS\B14YU.NOE\DESKTOP\BOX2D_V2.2.0\BOX2D_V2.2.0\BOX2D\BUILD\BOX2D\BOX2D.DIR\DEBUG\B2CONTACT.OBJ
C:\USERS\B14YU.NOE\DESKTOP\BOX2D_V2.2.0\BOX2D_V2.2.0\BOX2D\BUILD\BOX2D\BOX2D.DIR\DEBUG\B2CIRCLECONTACT.OBJ
C:\USERS\B14YU.NOE\DESKTOP\BOX2D_V2.2.0\BOX2D_V2.2.0\BOX2D\BUILD\BOX2D\BOX2D.DIR\DEBUG\B2WHEELJOINT.OBJ
C:\USERS\B14YU.NOE\DESKTOP\BOX2D_V2.2.0\BOX2D_V2.2.0\BOX2D\BUILD\BOX2D\BOX2D.DIR\DEBUG\B2WELDJOINT.OBJ
C:\USERS\B14YU.NOE\DESKTOP\BOX2D_V2.2.0\BOX2D_V2.2.0\BOX2D\BUILD\BOX2D\BOX2D.DIR\DEBUG\B2ROPEJOINT.OBJ
C:\USERS\B14YU.NOE\DESKTOP\BOX2D_V2.2.0\BOX2D_V2.2.0\BOX2D\BUILD\BOX2D\BOX2D.DIR\DEBUG\B2REVOLUTEJOINT.OBJ
C:\USERS\B14YU.NOE\DESKTOP\BOX2D_V2.2.0\BOX2D_V2.2.0\BOX2D\BUILD\BOX2D\BOX2D.DIR\DEBUG\B2PULLEYJOINT.OBJ
C:\USERS\B14YU.NOE\DESKTOP\BOX2D_V2.2.0\BOX2D_V2.2.0\BOX2D\BUILD\BOX2D\BOX2D.DIR\DEBUG\B2PRISMATICJOINT.OBJ
C:\USERS\B14YU.NOE\DESKTOP\BOX2D_V2.2.0\BOX2D_V2.2.0\BOX2D\BUILD\BOX2D\BOX2D.DIR\DEBUG\B2MOUSEJOINT.OBJ
C:\USERS\B14YU.NOE\DESKTOP\BOX2D_V2.2.0\BOX2D_V2.2.0\BOX2D\BUILD\BOX2D\BOX2D.DIR\DEBUG\B2JOINT.OBJ
C:\USERS\B14YU.NOE\DESKTOP\BOX2D_V2.2.0\BOX2D_V2.2.0\BOX2D\BUILD\BOX2D\BOX2D.DIR\DEBUG\B2GEARJOINT.OBJ
C:\USERS\B14YU.NOE\DESKTOP\BOX2D_V2.2.0\BOX2D_V2.2.0\BOX2D\BUILD\BOX2D\BOX2D.DIR\DEBUG\B2FRICTIONJOINT.OBJ
C:\USERS\B14YU.NOE\DESKTOP\BOX2D_V2.2.0\BOX2D_V2.2.0\BOX2D\BUILD\BOX2D\BOX2D.DIR\DEBUG\B2DISTANCEJOINT.OBJ
C:\USERS\B14YU.NOE\DESKTOP\BOX2D_V2.2.0\BOX2D_V2.2.0\BOX2D\BUILD\BOX2D\BOX2D.DIR\DEBUG\B2COLLIDEPOLYGON.OBJ
C:\USERS\B14YU.NOE\DESKTOP\BOX2D_V2.2.0\BOX2D_V2.2.0\BOX2D\BUILD\BOX2D\BOX2D.DIR\DEBUG\B2COLLIDEEDGE.OBJ
C:\USERS\B14YU.NOE\DESKTOP\BOX2D_V2.2.0\BOX2D_V2.2.0\BOX2D\BUILD\BOX2D\BOX2D.DIR\DEBUG\B2COLLIDECIRCLE.OBJ
C:\USERS\B14YU.NOE\DESKTOP\BOX2D_V2.2.0\BOX2D_V2.2.0\BOX2D\BUILD\BOX2D\BOX2D.DIR\DEBUG\B2BROADPHASE.OBJ
C:\USERS\B14YU.NOE\DESKTOP\BOX2D_V2.2.0\BOX2D_V2.2.0\BOX2D\BUILD\BOX2D\BOX2D.DIR\DEBUG\B2POLYGONSHAPE.OBJ
C:\USERS\B14YU.NOE\DESKTOP\BOX2D_V2.2.0\BOX2D_V2.2.0\BOX2D\BUILD\BOX2D\BOX2D.DIR\DEBUG\B2CHAINSHAPE.OBJ
C:\USERS\B14YU.NOE\DESKTOP\BOX2D_V2.2.0\BOX2D_V2.2.0\BOX2D\BUILD\BOX2D\BOX2D.DIR\DEBUG\B2EDGESHAPE.OBJ
C:\USERS\B14YU.NOE\DESKTOP\BOX2D_V2.2.0\BOX2D_V2.2.0\BOX2D\BUILD\BOX2D\BOX2D.DIR\DEBUG\B2CIRCLESHAPE.OBJ
C:\USERS\B14YU.NOE\DESKTOP\BOX2D_V2.2.0\BOX2D_V2.2.0\BOX2D\BUILD\BOX2D\BOX2D.DIR\DEBUG\B2TIMER.OBJ
C:\USERS\B14YU.NOE\DESKTOP\BOX2D_V2.2.0\BOX2D_V2.2.0\BOX2D\BUILD\BOX2D\BOX2D.DIR\DEBUG\B2STACKALLOCATOR.OBJ
C:\USERS\B14YU.NOE\DESKTOP\BOX2D_V2.2.0\BOX2D_V2.2.0\BOX2D\BUILD\BOX2D\BOX2D.DIR\DEBUG\B2SETTINGS.OBJ
C:\USERS\B14YU.NOE\DESKTOP\BOX2D_V2.2.0\BOX2D_V2.2.0\BOX2D\BUILD\BOX2D\BOX2D.DIR\DEBUG\B2MATH.OBJ
C:\USERS\B14YU.NOE\DESKTOP\BOX2D_V2.2.0\BOX2D_V2.2.0\BOX2D\BUILD\BOX2D\BOX2D.DIR\DEBUG\B2DRAW.OBJ
C:\USERS\B14YU.NOE\DESKTOP\BOX2D_V2.2.0\BOX2D_V2.2.0\BOX2D\BUILD\BOX2D\BOX2D.DIR\DEBUG\B2BLOCKALLOCATOR.OBJ
C:\USERS\B14YU.NOE\DESKTOP\BOX2D_V2.2.0\BOX2D_V2.2.0\BOX2D\BUILD\BOX2D\BOX2D.DIR\DEBUG\B2WORLDCALLBACKS.OBJ
C:\USERS\B14YU.NOE\DESKTOP\BOX2D_V2.2.0\BOX2D_V2.2.0\BOX2D\BUILD\BOX2D\BOX2D.DIR\DEBUG\B2WORLD.OBJ
C:\USERS\B14YU.NOE\DESKTOP\BOX2D_V2.2.0\BOX2D_V2.2.0\BOX2D\BUILD\BOX2D\BOX2D.DIR\DEBUG\B2ISLAND.OBJ
C:\USERS\B14YU.NOE\DESKTOP\BOX2D_V2.2.0\BOX2D_V2.2.0\BOX2D\BUILD\BOX2D\BOX2D.DIR\DEBUG\B2FIXTURE.OBJ
C:\USERS\B14YU.NOE\DESKTOP\BOX2D_V2.2.0\BOX2D_V2.2.0\BOX2D\BUILD\BOX2D\BOX2D.DIR\DEBUG\B2CONTACTMANAGER.OBJ
C:\USERS\B14YU.NOE\DESKTOP\BOX2D_V2.2.0\BOX2D_V2.2.0\BOX2D\BUILD\BOX2D\BOX2D.DIR\DEBUG\B2BODY.OBJ
C:\USERS\B14YU.NOE\DESKTOP\BOX2D_V2.2.0\BOX2D_V2.2.0\BOX2D\BUILD\BOX2D\BOX2D.DIR\DEBUG\B2ROPE.OBJ
C:\USERS\B14YU.NOE\DESKTOP\BOX2D_V2.2.0\BOX2D_V2.2.0\BOX2D\BUILD\BOX2D\BOX2D.DIR\DEBUG\B2TIMEOFIMPACT.OBJ
C:\USERS\B14YU.NOE\DESKTOP\BOX2D_V2.2.0\BOX2D_V2.2.0\BOX2D\BUILD\BOX2D\BOX2D.DIR\DEBUG\B2DYNAMICTREE.OBJ
C:\USERS\B14YU.NOE\DESKTOP\BOX2D_V2.2.0\BOX2D_V2.2.0\BOX2D\BUILD\BOX2D\BOX2D.DIR\DEBUG\B2DISTANCE.OBJ
C:\USERS\B14YU.NOE\DESKTOP\BOX2D_V2.2.0\BOX2D_V2.2.0\BOX2D\BUILD\BOX2D\BOX2D.DIR\DEBUG\B2COLLISION.OBJ
C:\USERS\B14YU.NOE\DESKTOP\BOX2D_V2.2.0\BOX2D_V2.2.0\BOX2D\BUILD\BOX2D\CMAKEFILES\GENERATE.STAMP
C:\USERS\B14YU.NOE\DESKTOP\BOX2D_V2.2.0\BOX2D_V2.2.0\BOX2D\BUILD\BOX2D\DEBUG\BOX2D.LIB
C:\Users\b14yu.NOE\Desktop\FantasticProject\FantasticBox2D\Box2D\Build\Box2D\Box2D.dir\Debug\b2BlockAllocator.obj
C:\Users\b14yu.NOE\Desktop\FantasticProject\FantasticBox2D\Box2D\Build\Box2D\Box2D.dir\Debug\b2Body.obj
C:\Users\b14yu.NOE\Desktop\FantasticProject\FantasticBox2D\Box2D\Build\Box2D\Box2D.dir\Debug\b2BroadPhase.obj
C:\Users\b14yu.NOE\Desktop\FantasticProject\FantasticBox2D\Box2D\Build\Box2D\Box2D.dir\Debug\b2ChainAndCircleContact.obj
C:\Users\b14yu.NOE\Desktop\FantasticProject\FantasticBox2D\Box2D\Build\Box2D\Box2D.dir\Debug\b2ChainAndPolygonContact.obj
C:\Users\b14yu.NOE\Desktop\FantasticProject\FantasticBox2D\Box2D\Build\Box2D\Box2D.dir\Debug\b2ChainShape.obj
C:\Users\b14yu.NOE\Desktop\FantasticProject\FantasticBox2D\Box2D\Build\Box2D\Box2D.dir\Debug\b2CircleContact.obj
C:\Users\b14yu.NOE\Desktop\FantasticProject\FantasticBox2D\Box2D\Build\Box2D\Box2D.dir\Debug\b2CircleShape.obj
C:\Users\b14yu.NOE\Desktop\FantasticProject\FantasticBox2D\Box2D\Build\Box2D\Box2D.dir\Debug\b2CollideCircle.obj
C:\Users\b14yu.NOE\Desktop\FantasticProject\FantasticBox2D\Box2D\Build\Box2D\Box2D.dir\Debug\b2CollideEdge.obj
C:\Users\b14yu.NOE\Desktop\FantasticProject\FantasticBox2D\Box2D\Build\Box2D\Box2D.dir\Debug\b2CollidePolygon.obj
C:\Users\b14yu.NOE\Desktop\FantasticProject\FantasticBox2D\Box2D\Build\Box2D\Box2D.dir\Debug\b2Collision.obj
C:\Users\b14yu.NOE\Desktop\FantasticProject\FantasticBox2D\Box2D\Build\Box2D\Box2D.dir\Debug\b2Contact.obj
C:\Users\b14yu.NOE\Desktop\FantasticProject\FantasticBox2D\Box2D\Build\Box2D\Box2D.dir\Debug\b2ContactManager.obj
C:\Users\b14yu.NOE\Desktop\FantasticProject\FantasticBox2D\Box2D\Build\Box2D\Box2D.dir\Debug\b2ContactSolver.obj
C:\Users\b14yu.NOE\Desktop\FantasticProject\FantasticBox2D\Box2D\Build\Box2D\Box2D.dir\Debug\b2Distance.obj
C:\Users\b14yu.NOE\Desktop\FantasticProject\FantasticBox2D\Box2D\Build\Box2D\Box2D.dir\Debug\b2DistanceJoint.obj
C:\Users\b14yu.NOE\Desktop\FantasticProject\FantasticBox2D\Box2D\Build\Box2D\Box2D.dir\Debug\b2Draw.obj
C:\Users\b14yu.NOE\Desktop\FantasticProject\FantasticBox2D\Box2D\Build\Box2D\Box2D.dir\Debug\b2DynamicTree.obj
C:\Users\b14yu.NOE\Desktop\FantasticProject\FantasticBox2D\Box2D\Build\Box2D\Box2D.dir\Debug\b2EdgeAndCircleContact.obj
C:\Users\b14yu.NOE\Desktop\FantasticProject\FantasticBox2D\Box2D\Build\Box2D\Box2D.dir\Debug\b2EdgeAndPolygonContact.obj
C:\Users\b14yu.NOE\Desktop\FantasticProject\FantasticBox2D\Box2D\Build\Box2D\Box2D.dir\Debug\b2EdgeShape.obj
C:\Users\b14yu.NOE\Desktop\FantasticProject\FantasticBox2D\Box2D\Build\Box2D\Box2D.dir\Debug\b2Fixture.obj
C:\Users\b14yu.NOE\Desktop\FantasticProject\FantasticBox2D\Box2D\Build\Box2D\Box2D.dir\Debug\b2FrictionJoint.obj
C:\Users\b14yu.NOE\Desktop\FantasticProject\FantasticBox2D\Box2D\Build\Box2D\Box2D.dir\Debug\b2GearJoint.obj
C:\Users\b14yu.NOE\Desktop\FantasticProject\FantasticBox2D\Box2D\Build\Box2D\Box2D.dir\Debug\b2Island.obj
C:\Users\b14yu.NOE\Desktop\FantasticProject\FantasticBox2D\Box2D\Build\Box2D\Box2D.dir\Debug\b2Joint.obj
C:\Users\b14yu.NOE\Desktop\FantasticProject\FantasticBox2D\Box2D\Build\Box2D\Box2D.dir\Debug\b2Math.obj
C:\Users\b14yu.NOE\Desktop\FantasticProject\FantasticBox2D\Box2D\Build\Box2D\Box2D.dir\Debug\b2MouseJoint.obj
C:\Users\b14yu.NOE\Desktop\FantasticProject\FantasticBox2D\Box2D\Build\Box2D\Box2D.dir\Debug\b2PolygonAndCircleContact.obj
C:\Users\b14yu.NOE\Desktop\FantasticProject\FantasticBox2D\Box2D\Build\Box2D\Box2D.dir\Debug\b2PolygonContact.obj
C:\Users\b14yu.NOE\Desktop\FantasticProject\FantasticBox2D\Box2D\Build\Box2D\Box2D.dir\Debug\b2PolygonShape.obj
C:\Users\b14yu.NOE\Desktop\FantasticProject\FantasticBox2D\Box2D\Build\Box2D\Box2D.dir\Debug\b2PrismaticJoint.obj
C:\Users\b14yu.NOE\Desktop\FantasticProject\FantasticBox2D\Box2D\Build\Box2D\Box2D.dir\Debug\b2PulleyJoint.obj
C:\Users\b14yu.NOE\Desktop\FantasticProject\FantasticBox2D\Box2D\Build\Box2D\Box2D.dir\Debug\b2RevoluteJoint.obj
C:\Users\b14yu.NOE\Desktop\FantasticProject\FantasticBox2D\Box2D\Build\Box2D\Box2D.dir\Debug\b2Rope.obj
C:\Users\b14yu.NOE\Desktop\FantasticProject\FantasticBox2D\Box2D\Build\Box2D\Box2D.dir\Debug\b2RopeJoint.obj
C:\Users\b14yu.NOE\Desktop\FantasticProject\FantasticBox2D\Box2D\Build\Box2D\Box2D.dir\Debug\b2Settings.obj
C:\Users\b14yu.NOE\Desktop\FantasticProject\FantasticBox2D\Box2D\Build\Box2D\Box2D.dir\Debug\b2StackAllocator.obj
C:\Users\b14yu.NOE\Desktop\FantasticProject\FantasticBox2D\Box2D\Build\Box2D\Box2D.dir\Debug\b2TimeOfImpact.obj
C:\Users\b14yu.NOE\Desktop\FantasticProject\FantasticBox2D\Box2D\Build\Box2D\Box2D.dir\Debug\b2Timer.obj
C:\Users\b14yu.NOE\Desktop\FantasticProject\FantasticBox2D\Box2D\Build\Box2D\Box2D.dir\Debug\b2WeldJoint.obj
C:\Users\b14yu.NOE\Desktop\FantasticProject\FantasticBox2D\Box2D\Build\Box2D\Box2D.dir\Debug\b2WheelJoint.obj
C:\Users\b14yu.NOE\Desktop\FantasticProject\FantasticBox2D\Box2D\Build\Box2D\Box2D.dir\Debug\b2World.obj
C:\Users\b14yu.NOE\Desktop\FantasticProject\FantasticBox2D\Box2D\Build\Box2D\Box2D.dir\Debug\b2WorldCallbacks.obj
C:\Users\b14yu.NOE\Desktop\FantasticProject\FantasticBox2D\Box2D\Build\Box2D\Box2D.dir\Debug\cl.command.1.tlog
C:\Users\b14yu.NOE\Desktop\FantasticProject\FantasticBox2D\Box2D\Build\Box2D\Box2D.dir\Debug\CL.read.1.tlog
C:\Users\b14yu.NOE\Desktop\FantasticProject\FantasticBox2D\Box2D\Build\Box2D\Box2D.dir\Debug\CL.write.1.tlog
C:\Users\b14yu.NOE\Desktop\FantasticProject\FantasticBox2D\Box2D\Build\Box2D\Box2D.dir\Debug\custombuild.command.1.tlog
C:\Users\b14yu.NOE\Desktop\FantasticProject\FantasticBox2D\Box2D\Build\Box2D\Box2D.dir\Debug\custombuild.read.1.tlog
C:\Users\b14yu.NOE\Desktop\FantasticProject\FantasticBox2D\Box2D\Build\Box2D\Box2D.dir\Debug\custombuild.write.1.tlog
C:\Users\b14yu.NOE\Desktop\FantasticProject\FantasticBox2D\Box2D\Build\Box2D\Box2D.dir\Debug\Lib-link.read.1.tlog
C:\Users\b14yu.NOE\Desktop\FantasticProject\FantasticBox2D\Box2D\Build\Box2D\Box2D.dir\Debug\Lib-link.write.1.tlog
C:\Users\b14yu.NOE\Desktop\FantasticProject\FantasticBox2D\Box2D\Build\Box2D\Box2D.dir\Debug\lib.command.1.tlog
C:\Users\b14yu.NOE\Desktop\FantasticProject\FantasticBox2D\Box2D\Build\Box2D\Debug\Box2D.lib
